134262
67
[113]
Epoch [1/30], Loss: 0.0000
Epoch [2/30], Loss: 0.0000
Epoch [3/30], Loss: 0.0000
Epoch [4/30], Loss: 0.0000
Epoch [5/30], Loss: 0.0000
Epoch [6/30], Loss: 0.0000
Epoch [7/30], Loss: 0.0000
Epoch [8/30], Loss: 0.0000
Epoch [9/30], Loss: 0.0000
Epoch [10/30], Loss: 0.0000
Epoch [11/30], Loss: 0.0000
Epoch [12/30], Loss: 0.0000
Epoch [13/30], Loss: 0.0000
Epoch [14/30], Loss: 0.0000
Epoch [15/30], Loss: 0.0000
Epoch [16/30], Loss: 0.0000
Epoch [17/30], Loss: 0.0000
Epoch [18/30], Loss: 0.0000
Epoch [19/30], Loss: 0.0000
Epoch [20/30], Loss: 0.0000
Epoch [21/30], Loss: 0.0000
Epoch [22/30], Loss: 0.0000
Epoch [23/30], Loss: 0.0000
Epoch [24/30], Loss: 0.0000
Epoch [25/30], Loss: 0.0000
Epoch [26/30], Loss: 0.0000
Epoch [27/30], Loss: 0.0000
Epoch [28/30], Loss: 0.0000
Epoch [29/30], Loss: 0.0000
Epoch [30/30], Loss: 0.0000
[64]
Epoch [1/30], Loss: 0.0054
Epoch [2/30], Loss: 0.0058
Epoch [3/30], Loss: 0.0060
Epoch [4/30], Loss: 0.0062
Epoch [5/30], Loss: 0.0058
Epoch [6/30], Loss: 0.0061
Epoch [7/30], Loss: 0.0050
Epoch [8/30], Loss: 0.0060
Epoch [9/30], Loss: 0.0056
Epoch [10/30], Loss: 0.0057
Epoch [11/30], Loss: 0.0061
Epoch [12/30], Loss: 0.0056
Epoch [13/30], Loss: 0.0060
Epoch [14/30], Loss: 0.0057
Epoch [15/30], Loss: 0.0057
Epoch [16/30], Loss: 0.0055
Epoch [17/30], Loss: 0.0062
Epoch [18/30], Loss: 0.0068
Epoch [19/30], Loss: 0.0066
Epoch [20/30], Loss: 0.0040
Epoch [21/30], Loss: 0.0052
Epoch [22/30], Loss: 0.0062
Epoch [23/30], Loss: 0.0058
Epoch [24/30], Loss: 0.0065
Epoch [25/30], Loss: 0.0056
Epoch [26/30], Loss: 0.0055
Epoch [27/30], Loss: 0.0051
Epoch [28/30], Loss: 0.0064
Epoch [29/30], Loss: 0.0057
Epoch [30/30], Loss: 0.0045
[2, 5]
Epoch [1/30], Loss: 0.2442
Epoch [2/30], Loss: 0.0097
Epoch [3/30], Loss: 0.0545
Epoch [4/30], Loss: 0.0624
Epoch [5/30], Loss: 0.0617
Epoch [6/30], Loss: 0.0097
Epoch [7/30], Loss: 0.0097
Epoch [8/30], Loss: 0.0764
Epoch [9/30], Loss: 0.0097
Epoch [10/30], Loss: 0.0645
Epoch [11/30], Loss: 0.0631
Epoch [12/30], Loss: 0.0097
Epoch [13/30], Loss: 0.0097
Epoch [14/30], Loss: 0.0636
Epoch [15/30], Loss: 0.0097
Epoch [16/30], Loss: 0.0624
Epoch [17/30], Loss: 0.0642
Epoch [18/30], Loss: 0.0097
Epoch [19/30], Loss: 0.0097
Epoch [20/30], Loss: 0.1849
Epoch [21/30], Loss: 0.0657
Epoch [22/30], Loss: 0.1216
Epoch [23/30], Loss: 0.0652
Epoch [24/30], Loss: 0.0097
Epoch [25/30], Loss: 0.0097
Epoch [26/30], Loss: 0.1821
Epoch [27/30], Loss: 0.1154
Epoch [28/30], Loss: 0.1164
Epoch [29/30], Loss: 0.1284
Epoch [30/30], Loss: 0.0097
[34, 86]
Epoch [1/30], Loss: 0.1175
Epoch [2/30], Loss: 0.0880
Epoch [3/30], Loss: 0.0125
Epoch [4/30], Loss: 0.0118
Epoch [5/30], Loss: 0.0135
Epoch [6/30], Loss: 0.0073
Epoch [7/30], Loss: 0.0438
Epoch [8/30], Loss: 0.0097
Epoch [9/30], Loss: 0.0284
Epoch [10/30], Loss: 0.0094
Epoch [11/30], Loss: 0.0117
Epoch [12/30], Loss: 0.0139
Epoch [13/30], Loss: 0.0107
Epoch [14/30], Loss: 0.0114
Epoch [15/30], Loss: 0.0116
Epoch [16/30], Loss: 0.0094
Epoch [17/30], Loss: 0.0116
Epoch [18/30], Loss: 0.0109
Epoch [19/30], Loss: 0.0136
Epoch [20/30], Loss: 0.0121
Epoch [21/30], Loss: 0.0095
Epoch [22/30], Loss: 0.0120
Epoch [23/30], Loss: 0.0101
Epoch [24/30], Loss: 0.0105
Epoch [25/30], Loss: 0.0139
Epoch [26/30], Loss: 0.0145
Epoch [27/30], Loss: 0.0075
Epoch [28/30], Loss: 0.0117
Epoch [29/30], Loss: 0.0108
Epoch [30/30], Loss: 0.0165
[51]
Epoch [1/30], Loss: 0.0283
Epoch [2/30], Loss: 0.0237
Epoch [3/30], Loss: 0.0207
Epoch [4/30], Loss: 0.0368
Epoch [5/30], Loss: 0.0265
Epoch [6/30], Loss: 0.0234
Epoch [7/30], Loss: 0.0355
Epoch [8/30], Loss: 0.0405
Epoch [9/30], Loss: 0.0249
Epoch [10/30], Loss: 0.0252
Epoch [11/30], Loss: 0.0372
Epoch [12/30], Loss: 0.0242
Epoch [13/30], Loss: 0.0290
Epoch [14/30], Loss: 0.0273
Epoch [15/30], Loss: 0.0192
Epoch [16/30], Loss: 0.0155
Epoch [17/30], Loss: 0.0375
Epoch [18/30], Loss: 0.0209
Epoch [19/30], Loss: 0.0268
Epoch [20/30], Loss: 0.0313
Epoch [21/30], Loss: 0.0160
Epoch [22/30], Loss: 0.0323
Epoch [23/30], Loss: 0.0247
Epoch [24/30], Loss: 0.0227
Epoch [25/30], Loss: 0.0357
Epoch [26/30], Loss: 0.0450
Epoch [27/30], Loss: 96.8711
Epoch [28/30], Loss: 0.0215
Epoch [29/30], Loss: 0.0187
Epoch [30/30], Loss: 0.0221
[40, 92]
Epoch [1/30], Loss: 0.0024
Epoch [2/30], Loss: 0.0023
Epoch [3/30], Loss: 0.0020
Epoch [4/30], Loss: 0.0022
Epoch [5/30], Loss: 0.0016
Epoch [6/30], Loss: 0.0025
Epoch [7/30], Loss: 0.0023
Epoch [8/30], Loss: 0.0026
Epoch [9/30], Loss: 0.0022
Epoch [10/30], Loss: 0.0020
Epoch [11/30], Loss: 0.0046
Epoch [12/30], Loss: 0.0033
Epoch [13/30], Loss: 0.0022
Epoch [14/30], Loss: 0.0023
Epoch [15/30], Loss: 0.0042
Epoch [16/30], Loss: 0.0044
Epoch [17/30], Loss: 0.0056
Epoch [18/30], Loss: 0.0038
Epoch [19/30], Loss: 0.0030
Epoch [20/30], Loss: 0.0022
Epoch [21/30], Loss: 3.2097
Epoch [22/30], Loss: 0.0024
Epoch [23/30], Loss: 0.0029
Epoch [24/30], Loss: 0.0025
Epoch [25/30], Loss: 0.0020
Epoch [26/30], Loss: 0.0019
Epoch [27/30], Loss: 0.0023
Epoch [28/30], Loss: 0.0022
Epoch [29/30], Loss: 0.0019
Epoch [30/30], Loss: 0.0024
[42, 94]
Epoch [1/30], Loss: 0.0730
Epoch [2/30], Loss: 0.0244
Epoch [3/30], Loss: 1.4931
Epoch [4/30], Loss: 1.2562
Epoch [5/30], Loss: 2.7691
Epoch [6/30], Loss: 1.6911
Epoch [7/30], Loss: 0.5781
Epoch [8/30], Loss: 0.0253
Epoch [9/30], Loss: 4.9740
Epoch [10/30], Loss: 0.0304
Epoch [11/30], Loss: 0.0236
Epoch [12/30], Loss: 0.8229
Epoch [13/30], Loss: 0.9664
Epoch [14/30], Loss: 1.9989
Epoch [15/30], Loss: 0.0237
Epoch [16/30], Loss: 2.6311
Epoch [17/30], Loss: 0.1610
Epoch [18/30], Loss: 0.6745
Epoch [19/30], Loss: 0.0529
Epoch [20/30], Loss: 0.0699
Epoch [21/30], Loss: 0.0587
Epoch [22/30], Loss: 2.8491
Epoch [23/30], Loss: 0.0267
Epoch [24/30], Loss: 0.0275
Epoch [25/30], Loss: 0.0247
Epoch [26/30], Loss: 0.0267
Epoch [27/30], Loss: 0.5306
Epoch [28/30], Loss: 0.6464
Epoch [29/30], Loss: 0.0230
Epoch [30/30], Loss: 0.1708
[35, 87]
Epoch [1/30], Loss: 0.1262
Epoch [2/30], Loss: 0.1262
Epoch [3/30], Loss: 0.0645
Epoch [4/30], Loss: 0.0939
Epoch [5/30], Loss: 0.9288
Epoch [6/30], Loss: 0.0939
Epoch [7/30], Loss: 1.3596
Epoch [8/30], Loss: 0.0966
Epoch [9/30], Loss: 0.0599
Epoch [10/30], Loss: 3.5188
Epoch [11/30], Loss: 0.0911
Epoch [12/30], Loss: 0.1608
Epoch [13/30], Loss: 0.1499
Epoch [14/30], Loss: 0.0947
Epoch [15/30], Loss: 0.1186
Epoch [16/30], Loss: 0.1774
Epoch [17/30], Loss: 0.3088
Epoch [18/30], Loss: 0.0911
Epoch [19/30], Loss: 0.1480
Epoch [20/30], Loss: 0.1545
Epoch [21/30], Loss: 0.1562
Epoch [22/30], Loss: 0.1516
Epoch [23/30], Loss: 0.8341
Epoch [24/30], Loss: 0.0626
Epoch [25/30], Loss: 0.1214
Epoch [26/30], Loss: 0.2473
Epoch [27/30], Loss: 0.0939
Epoch [28/30], Loss: 0.1214
Epoch [29/30], Loss: 0.1232
Epoch [30/30], Loss: 0.0893
[27, 79]
Epoch [1/30], Loss: 1.2122
Epoch [2/30], Loss: 0.0789
Epoch [3/30], Loss: 0.0872
Epoch [4/30], Loss: 0.1365
Epoch [5/30], Loss: 1.5389
Epoch [6/30], Loss: 0.3180
Epoch [7/30], Loss: 0.6875
Epoch [8/30], Loss: 1.5220
Epoch [9/30], Loss: 0.0667
Epoch [10/30], Loss: 0.5492
Epoch [11/30], Loss: 1.5663
Epoch [12/30], Loss: 0.1877
Epoch [13/30], Loss: 1.1019
Epoch [14/30], Loss: 1.1074
Epoch [15/30], Loss: 2.2671
Epoch [16/30], Loss: 0.0594
Epoch [17/30], Loss: 0.0947
Epoch [18/30], Loss: 0.9426
Epoch [19/30], Loss: 0.3396
Epoch [20/30], Loss: 0.2612
Epoch [21/30], Loss: 0.1586
Epoch [22/30], Loss: 0.0807
Epoch [23/30], Loss: 0.8729
Epoch [24/30], Loss: 0.7977
Epoch [25/30], Loss: 0.0628
Epoch [26/30], Loss: 0.8260
Epoch [27/30], Loss: 0.0519
Epoch [28/30], Loss: 1.6387
Epoch [29/30], Loss: 1.9151
Epoch [30/30], Loss: 0.2666
[30, 82]
Epoch [1/30], Loss: 2.2378
Epoch [2/30], Loss: 0.0409
Epoch [3/30], Loss: 0.0993
Epoch [4/30], Loss: 0.1345
Epoch [5/30], Loss: 0.2057
Epoch [6/30], Loss: 0.3829
Epoch [7/30], Loss: 0.0652
Epoch [8/30], Loss: 0.1988
Epoch [9/30], Loss: 0.0451
Epoch [10/30], Loss: 0.1025
Epoch [11/30], Loss: 0.0731
Epoch [12/30], Loss: 0.0708
Epoch [13/30], Loss: 0.0467
Epoch [14/30], Loss: 0.1163
Epoch [15/30], Loss: 0.0438
Epoch [16/30], Loss: 0.0778
Epoch [17/30], Loss: 0.1604
Epoch [18/30], Loss: 1.7716
Epoch [19/30], Loss: 0.1780
Epoch [20/30], Loss: 0.0791
Epoch [21/30], Loss: 0.0815
Epoch [22/30], Loss: 0.2261
Epoch [23/30], Loss: 0.1878
Epoch [24/30], Loss: 0.1561
Epoch [25/30], Loss: 0.2743
Epoch [26/30], Loss: 0.1916
Epoch [27/30], Loss: 0.1313
Epoch [28/30], Loss: 0.0854
Epoch [29/30], Loss: 0.1961
Epoch [30/30], Loss: 0.1126
[44, 96]
Epoch [1/30], Loss: 0.1431
Epoch [2/30], Loss: 0.1763
Epoch [3/30], Loss: 0.1123
Epoch [4/30], Loss: 0.2209
Epoch [5/30], Loss: 0.2486
Epoch [6/30], Loss: 0.1854
Epoch [7/30], Loss: 0.1431
Epoch [8/30], Loss: 0.2824
Epoch [9/30], Loss: 215.8353
Epoch [10/30], Loss: 0.2520
Epoch [11/30], Loss: 0.5818
Epoch [12/30], Loss: 0.1431
Epoch [13/30], Loss: 0.2824
Epoch [14/30], Loss: 0.3486
Epoch [15/30], Loss: 0.2847
Epoch [16/30], Loss: 0.2192
Epoch [17/30], Loss: 0.1501
Epoch [18/30], Loss: 0.3716
Epoch [19/30], Loss: 0.2871
Epoch [20/30], Loss: 0.1808
Epoch [21/30], Loss: 0.1454
Epoch [22/30], Loss: 0.3565
Epoch [23/30], Loss: 0.2903
Epoch [24/30], Loss: 0.1506
Epoch [25/30], Loss: 0.1785
Epoch [26/30], Loss: 0.6173
Epoch [27/30], Loss: 0.3202
Epoch [28/30], Loss: 0.2448
Epoch [29/30], Loss: 0.2093
Epoch [30/30], Loss: 0.1431
[75]
Epoch [1/30], Loss: 0.0021
Epoch [2/30], Loss: 0.0207
Epoch [3/30], Loss: 0.0024
Epoch [4/30], Loss: 0.0021
Epoch [5/30], Loss: 0.0025
Epoch [6/30], Loss: 0.0022
Epoch [7/30], Loss: 0.0031
Epoch [8/30], Loss: 0.0035
Epoch [9/30], Loss: 0.0177
Epoch [10/30], Loss: 0.0023
Epoch [11/30], Loss: 0.0022
Epoch [12/30], Loss: 0.0027
Epoch [13/30], Loss: 0.0026
Epoch [14/30], Loss: 0.0030
Epoch [15/30], Loss: 0.0024
Epoch [16/30], Loss: 0.0022
Epoch [17/30], Loss: 0.0022
Epoch [18/30], Loss: 0.0076
Epoch [19/30], Loss: 0.0034
Epoch [20/30], Loss: 0.0018
Epoch [21/30], Loss: 0.0188
Epoch [22/30], Loss: 0.0017
Epoch [23/30], Loss: 0.0022
Epoch [24/30], Loss: 0.0031
Epoch [25/30], Loss: 0.0022
Epoch [26/30], Loss: 0.0048
Epoch [27/30], Loss: 0.0038
Epoch [28/30], Loss: 0.0225
Epoch [29/30], Loss: 6.9067
Epoch [30/30], Loss: 0.0181
[23]
Epoch [1/30], Loss: 0.0525
Epoch [2/30], Loss: 0.0397
Epoch [3/30], Loss: 0.4496
Epoch [4/30], Loss: 0.0909
Epoch [5/30], Loss: 0.4496
Epoch [6/30], Loss: 0.1571
Epoch [7/30], Loss: 0.4496
Epoch [8/30], Loss: 0.0781
Epoch [9/30], Loss: 0.4368
Epoch [10/30], Loss: 0.9962
Epoch [11/30], Loss: 0.2361
Epoch [12/30], Loss: 0.6759
Epoch [13/30], Loss: 0.0781
Epoch [14/30], Loss: 0.4496
Epoch [15/30], Loss: 0.3301
Epoch [16/30], Loss: 0.0653
Epoch [17/30], Loss: 0.0909
Epoch [18/30], Loss: 0.0653
Epoch [19/30], Loss: 0.0525
Epoch [20/30], Loss: 0.1443
Epoch [21/30], Loss: 0.1166
Epoch [22/30], Loss: 0.1443
Epoch [23/30], Loss: 0.4240
Epoch [24/30], Loss: 0.3151
Epoch [25/30], Loss: 0.1443
Epoch [26/30], Loss: 0.2895
Epoch [27/30], Loss: 0.2639
Epoch [28/30], Loss: 0.0653
Epoch [29/30], Loss: 0.2639
Epoch [30/30], Loss: 0.1037
[16, 68]
Epoch [1/30], Loss: 0.6344
Epoch [2/30], Loss: 0.6521
Epoch [3/30], Loss: 0.6024
Epoch [4/30], Loss: 0.6476
Epoch [5/30], Loss: 0.6598
Epoch [6/30], Loss: 0.6019
Epoch [7/30], Loss: 0.4620
Epoch [8/30], Loss: 0.4763
Epoch [9/30], Loss: 0.6981
Epoch [10/30], Loss: 0.4106
Epoch [11/30], Loss: 0.5742
Epoch [12/30], Loss: 0.7983
Epoch [13/30], Loss: 0.5027
Epoch [14/30], Loss: 0.5882
Epoch [15/30], Loss: 0.5804
Epoch [16/30], Loss: 0.8750
Epoch [17/30], Loss: 1.0701
Epoch [18/30], Loss: 0.5129
Epoch [19/30], Loss: 0.4862
Epoch [20/30], Loss: 0.6150
Epoch [21/30], Loss: 1.0497
Epoch [22/30], Loss: 0.7418
Epoch [23/30], Loss: 0.4711
Epoch [24/30], Loss: 0.6349
Epoch [25/30], Loss: 0.4621
Epoch [26/30], Loss: 0.4348
Epoch [27/30], Loss: 0.7404
Epoch [28/30], Loss: 0.4989
Epoch [29/30], Loss: 0.4324
Epoch [30/30], Loss: 0.8770
[13, 65]
Epoch [1/30], Loss: 0.0614
Epoch [2/30], Loss: 0.1943
Epoch [3/30], Loss: 6.6760
Epoch [4/30], Loss: 0.4596
Epoch [5/30], Loss: 2.7705
Epoch [6/30], Loss: 0.0612
Epoch [7/30], Loss: 0.2976
Epoch [8/30], Loss: 0.3127
Epoch [9/30], Loss: 0.2503
Epoch [10/30], Loss: 0.1575
Epoch [11/30], Loss: 0.2453
Epoch [12/30], Loss: 0.0981
Epoch [13/30], Loss: 0.1489
Epoch [14/30], Loss: 0.1375
Epoch [15/30], Loss: 0.0855
Epoch [16/30], Loss: 1.0678
Epoch [17/30], Loss: 0.1124
Epoch [18/30], Loss: 2.0837
Epoch [19/30], Loss: 1.7636
Epoch [20/30], Loss: 0.2948
Epoch [21/30], Loss: 0.5464
Epoch [22/30], Loss: 0.1836
Epoch [23/30], Loss: 0.1752
Epoch [24/30], Loss: 0.3683
Epoch [25/30], Loss: 0.0687
Epoch [26/30], Loss: 0.1037
Epoch [27/30], Loss: 0.0769
Epoch [28/30], Loss: 0.1752
Epoch [29/30], Loss: 0.1522
Epoch [30/30], Loss: 2.5154
[60]
Epoch [1/30], Loss: 0.0017
Epoch [2/30], Loss: 0.0007
Epoch [3/30], Loss: 0.0006
Epoch [4/30], Loss: 0.0007
Epoch [5/30], Loss: 0.0007
Epoch [6/30], Loss: 0.0006
Epoch [7/30], Loss: 0.0006
Epoch [8/30], Loss: 0.0007
Epoch [9/30], Loss: 0.0006
Epoch [10/30], Loss: 0.0005
Epoch [11/30], Loss: 0.0007
Epoch [12/30], Loss: 0.0007
Epoch [13/30], Loss: 0.0008
Epoch [14/30], Loss: 0.0006
Epoch [15/30], Loss: 0.0006
Epoch [16/30], Loss: 0.0007
Epoch [17/30], Loss: 0.0007
Epoch [18/30], Loss: 0.0008
Epoch [19/30], Loss: 0.0007
Epoch [20/30], Loss: 0.0007
Epoch [21/30], Loss: 0.0007
Epoch [22/30], Loss: 0.0006
Epoch [23/30], Loss: 0.0006
Epoch [24/30], Loss: 0.0007
Epoch [25/30], Loss: 0.0007
Epoch [26/30], Loss: 0.0006
Epoch [27/30], Loss: 0.0006
Epoch [28/30], Loss: 0.0006
Epoch [29/30], Loss: 0.0007
Epoch [30/30], Loss: 0.0007
[52]
Epoch [1/30], Loss: 0.0762
Epoch [2/30], Loss: 0.0976
Epoch [3/30], Loss: 0.0913
Epoch [4/30], Loss: 0.0876
Epoch [5/30], Loss: 0.0960
Epoch [6/30], Loss: 0.0905
Epoch [7/30], Loss: 0.0819
Epoch [8/30], Loss: 0.0935
Epoch [9/30], Loss: 0.1051
Epoch [10/30], Loss: 0.1050
Epoch [11/30], Loss: 0.0824
Epoch [12/30], Loss: 0.0875
Epoch [13/30], Loss: 0.0996
Epoch [14/30], Loss: 0.1020
Epoch [15/30], Loss: 0.0928
Epoch [16/30], Loss: 0.1041
Epoch [17/30], Loss: 0.0836
Epoch [18/30], Loss: 0.0922
Epoch [19/30], Loss: 0.0875
Epoch [20/30], Loss: 0.0995
Epoch [21/30], Loss: 0.0889
Epoch [22/30], Loss: 0.0846
Epoch [23/30], Loss: 0.0781
Epoch [24/30], Loss: 0.1002
Epoch [25/30], Loss: 0.0844
Epoch [26/30], Loss: 0.0819
Epoch [27/30], Loss: 0.0989
Epoch [28/30], Loss: 0.0909
Epoch [29/30], Loss: 0.0863
Epoch [30/30], Loss: 0.0862
[115]
Epoch [1/30], Loss: 0.0168
Epoch [2/30], Loss: 0.0127
Epoch [3/30], Loss: 0.0126
Epoch [4/30], Loss: 0.0107
Epoch [5/30], Loss: 0.0114
Epoch [6/30], Loss: 0.0107
Epoch [7/30], Loss: 0.0101
Epoch [8/30], Loss: 0.0120
Epoch [9/30], Loss: 0.0101
Epoch [10/30], Loss: 0.0107
Epoch [11/30], Loss: 0.0107
Epoch [12/30], Loss: 0.0101
Epoch [13/30], Loss: 0.0126
Epoch [14/30], Loss: 0.0114
Epoch [15/30], Loss: 0.0114
Epoch [16/30], Loss: 0.0114
Epoch [17/30], Loss: 0.0107
Epoch [18/30], Loss: 0.0120
Epoch [19/30], Loss: 0.0107
Epoch [20/30], Loss: 0.0107
Epoch [21/30], Loss: 0.0107
Epoch [22/30], Loss: 0.0126
Epoch [23/30], Loss: 0.0114
Epoch [24/30], Loss: 0.0114
Epoch [25/30], Loss: 0.0107
Epoch [26/30], Loss: 0.0107
Epoch [27/30], Loss: 0.0139
Epoch [28/30], Loss: 0.0120
Epoch [29/30], Loss: 0.0132
Epoch [30/30], Loss: 0.0114
[25, 77]
Epoch [1/30], Loss: 1.1202
Epoch [2/30], Loss: 0.5124
Epoch [3/30], Loss: 0.1324
Epoch [4/30], Loss: 0.0511
Epoch [5/30], Loss: 0.2491
Epoch [6/30], Loss: 0.4789
Epoch [7/30], Loss: 0.0523
Epoch [8/30], Loss: 0.2347
Epoch [9/30], Loss: 0.9137
Epoch [10/30], Loss: 0.0352
Epoch [11/30], Loss: 0.0508
Epoch [12/30], Loss: 0.0358
Epoch [13/30], Loss: 0.0838
Epoch [14/30], Loss: 0.1324
Epoch [15/30], Loss: 0.2742
Epoch [16/30], Loss: 0.0668
Epoch [17/30], Loss: 0.0511
Epoch [18/30], Loss: 0.0193
Epoch [19/30], Loss: 0.0356
Epoch [20/30], Loss: 0.0673
Epoch [21/30], Loss: 0.0535
Epoch [22/30], Loss: 0.4952
Epoch [23/30], Loss: 0.0514
Epoch [24/30], Loss: 0.0352
Epoch [25/30], Loss: 0.2487
Epoch [26/30], Loss: 0.1493
Epoch [27/30], Loss: 0.0514
Epoch [28/30], Loss: 0.4139
Epoch [29/30], Loss: 0.0514
Epoch [30/30], Loss: 0.2342
[38]
Epoch [1/30], Loss: 0.0812
Epoch [2/30], Loss: 0.2678
Epoch [3/30], Loss: 0.2056
Epoch [4/30], Loss: 0.0190
Epoch [5/30], Loss: 0.5496
Epoch [6/30], Loss: 0.4252
Epoch [7/30], Loss: 0.1434
Epoch [8/30], Loss: 0.2056
Epoch [9/30], Loss: 0.0812
Epoch [10/30], Loss: 0.1434
Epoch [11/30], Loss: 0.3922
Epoch [12/30], Loss: 0.1434
Epoch [13/30], Loss: 0.1434
Epoch [14/30], Loss: 0.1434
Epoch [15/30], Loss: 0.0812
Epoch [16/30], Loss: 0.4252
Epoch [17/30], Loss: 0.1434
Epoch [18/30], Loss: 0.1434
Epoch [19/30], Loss: 0.2056
Epoch [20/30], Loss: 0.0812
Epoch [21/30], Loss: 0.2678
Epoch [22/30], Loss: 0.2678
Epoch [23/30], Loss: 0.1434
Epoch [24/30], Loss: 0.2056
Epoch [25/30], Loss: 0.0190
Epoch [26/30], Loss: 0.2678
Epoch [27/30], Loss: 0.3629
Epoch [28/30], Loss: 0.3629
Epoch [29/30], Loss: 0.0812
Epoch [30/30], Loss: 0.0812
[14, 66]
Epoch [1/30], Loss: 0.1632
Epoch [2/30], Loss: 0.1832
Epoch [3/30], Loss: 1.4694
Epoch [4/30], Loss: 0.4480
Epoch [5/30], Loss: 0.1998
Epoch [6/30], Loss: 0.1679
Epoch [7/30], Loss: 0.1520
Epoch [8/30], Loss: 0.4972
Epoch [9/30], Loss: 0.1884
Epoch [10/30], Loss: 0.1098
Epoch [11/30], Loss: 0.1882
Epoch [12/30], Loss: 0.2605
Epoch [13/30], Loss: 0.8153
Epoch [14/30], Loss: 0.2055
Epoch [15/30], Loss: 0.0776
Epoch [16/30], Loss: 0.1025
Epoch [17/30], Loss: 0.1287
Epoch [18/30], Loss: 0.1832
Epoch [19/30], Loss: 0.1630
Epoch [20/30], Loss: 0.1986
Epoch [21/30], Loss: 0.2355
Epoch [22/30], Loss: 0.4737
Epoch [23/30], Loss: 0.8096
Epoch [24/30], Loss: 0.2443
Epoch [25/30], Loss: 0.1801
Epoch [26/30], Loss: 0.1870
Epoch [27/30], Loss: 0.2052
Epoch [28/30], Loss: 0.1589
Epoch [29/30], Loss: 4.1404
Epoch [30/30], Loss: 0.2712
[33, 85]
Epoch [1/30], Loss: 0.1541
Epoch [2/30], Loss: 0.1946
Epoch [3/30], Loss: 0.0688
Epoch [4/30], Loss: 0.4029
Epoch [5/30], Loss: 0.1946
Epoch [6/30], Loss: 0.0703
Epoch [7/30], Loss: 0.9918
Epoch [8/30], Loss: 1.7846
Epoch [9/30], Loss: 0.1498
Epoch [10/30], Loss: 0.6561
Epoch [11/30], Loss: 0.8629
Epoch [12/30], Loss: 0.0703
Epoch [13/30], Loss: 0.1960
Epoch [14/30], Loss: 1.1971
Epoch [15/30], Loss: 0.1108
Epoch [16/30], Loss: 0.6502
Epoch [17/30], Loss: 0.1122
Epoch [18/30], Loss: 0.5678
Epoch [19/30], Loss: 1.0742
Epoch [20/30], Loss: 0.3624
Epoch [21/30], Loss: 0.5693
Epoch [22/30], Loss: 0.2786
Epoch [23/30], Loss: 0.1527
Epoch [24/30], Loss: 1.5343
Epoch [25/30], Loss: 0.9049
Epoch [26/30], Loss: 0.5707
Epoch [27/30], Loss: 0.7371
Epoch [28/30], Loss: 0.2380
Epoch [29/30], Loss: 0.1960
Epoch [30/30], Loss: 0.3205
[21, 73]
Epoch [1/30], Loss: 0.0195
Epoch [2/30], Loss: 0.0195
Epoch [3/30], Loss: 0.0272
Epoch [4/30], Loss: 0.0213
Epoch [5/30], Loss: 0.0225
Epoch [6/30], Loss: 0.0222
Epoch [7/30], Loss: 0.0206
Epoch [8/30], Loss: 0.0229
Epoch [9/30], Loss: 0.0234
Epoch [10/30], Loss: 0.0186
Epoch [11/30], Loss: 0.0209
Epoch [12/30], Loss: 0.0234
Epoch [13/30], Loss: 0.0222
Epoch [14/30], Loss: 0.0218
Epoch [15/30], Loss: 0.0259
Epoch [16/30], Loss: 0.0195
Epoch [17/30], Loss: 0.0242
Epoch [18/30], Loss: 0.0191
Epoch [19/30], Loss: 0.0270
Epoch [20/30], Loss: 0.0195
Epoch [21/30], Loss: 0.0204
Epoch [22/30], Loss: 0.0229
Epoch [23/30], Loss: 0.0218
Epoch [24/30], Loss: 0.0213
Epoch [25/30], Loss: 0.0261
Epoch [26/30], Loss: 0.0256
Epoch [27/30], Loss: 0.0206
Epoch [28/30], Loss: 0.0216
Epoch [29/30], Loss: 0.0238
Epoch [30/30], Loss: 0.0233
[0, 3]
Epoch [1/30], Loss: 0.0270
Epoch [2/30], Loss: 0.0360
Epoch [3/30], Loss: 0.0400
Epoch [4/30], Loss: 0.0432
Epoch [5/30], Loss: 0.0486
Epoch [6/30], Loss: 0.0667
Epoch [7/30], Loss: 0.4343
Epoch [8/30], Loss: 0.0353
Epoch [9/30], Loss: 0.0353
Epoch [10/30], Loss: 0.0380
Epoch [11/30], Loss: 0.0349
Epoch [12/30], Loss: 0.0444
Epoch [13/30], Loss: 0.2979
Epoch [14/30], Loss: 0.0423
Epoch [15/30], Loss: 0.0530
Epoch [16/30], Loss: 0.0338
Epoch [17/30], Loss: 0.0458
Epoch [18/30], Loss: 0.0451
Epoch [19/30], Loss: 0.0402
Epoch [20/30], Loss: 0.0511
Epoch [21/30], Loss: 0.0395
Epoch [22/30], Loss: 0.0619
Epoch [23/30], Loss: 0.0392
Epoch [24/30], Loss: 0.0473
Epoch [25/30], Loss: 0.0363
Epoch [26/30], Loss: 0.0304
Epoch [27/30], Loss: 0.0344
Epoch [28/30], Loss: 0.0360
Epoch [29/30], Loss: 0.0317
Epoch [30/30], Loss: 0.0467
[12]
Epoch [1/30], Loss: 0.0612
Epoch [2/30], Loss: 0.0536
Epoch [3/30], Loss: 0.0637
Epoch [4/30], Loss: 0.0603
Epoch [5/30], Loss: 0.0603
Epoch [6/30], Loss: 0.0671
Epoch [7/30], Loss: 0.0603
Epoch [8/30], Loss: 0.0603
Epoch [9/30], Loss: 0.0637
Epoch [10/30], Loss: 0.0637
Epoch [11/30], Loss: 0.0637
Epoch [12/30], Loss: 0.0469
Epoch [13/30], Loss: 0.0603
Epoch [14/30], Loss: 0.0536
Epoch [15/30], Loss: 0.0704
Epoch [16/30], Loss: 0.0704
Epoch [17/30], Loss: 0.0671
Epoch [18/30], Loss: 0.0704
Epoch [19/30], Loss: 0.0603
Epoch [20/30], Loss: 0.0637
Epoch [21/30], Loss: 0.0704
Epoch [22/30], Loss: 0.0704
Epoch [23/30], Loss: 0.0603
Epoch [24/30], Loss: 0.0704
Epoch [25/30], Loss: 0.0704
Epoch [26/30], Loss: 0.0704
Epoch [27/30], Loss: 0.0671
Epoch [28/30], Loss: 0.0637
Epoch [29/30], Loss: 0.0671
Epoch [30/30], Loss: 0.0704
[46, 98]
Epoch [1/30], Loss: 0.3858
Epoch [2/30], Loss: 0.3893
Epoch [3/30], Loss: 0.2678
Epoch [4/30], Loss: 0.2395
Epoch [5/30], Loss: 0.4098
Epoch [6/30], Loss: 0.3363
Epoch [7/30], Loss: 0.2682
Epoch [8/30], Loss: 0.3292
Epoch [9/30], Loss: 0.2463
Epoch [10/30], Loss: 0.2230
Epoch [11/30], Loss: 0.3106
Epoch [12/30], Loss: 0.3792
Epoch [13/30], Loss: 0.5450
Epoch [14/30], Loss: 0.3181
Epoch [15/30], Loss: 0.3182
Epoch [16/30], Loss: 0.3611
Epoch [17/30], Loss: 0.2903
Epoch [18/30], Loss: 0.2932
Epoch [19/30], Loss: 0.2643
Epoch [20/30], Loss: 0.2825
Epoch [21/30], Loss: 0.2702
Epoch [22/30], Loss: 0.2865
Epoch [23/30], Loss: 0.3096
Epoch [24/30], Loss: 0.3411
Epoch [25/30], Loss: 0.3590
Epoch [26/30], Loss: 0.4261
Epoch [27/30], Loss: 0.3460
Epoch [28/30], Loss: 0.3181
Epoch [29/30], Loss: 0.3992
Epoch [30/30], Loss: 0.2945
[48, 100]
Epoch [1/30], Loss: 0.1755
Epoch [2/30], Loss: 0.3165
Epoch [3/30], Loss: 0.1871
Epoch [4/30], Loss: 0.1466
Epoch [5/30], Loss: 0.4302
Epoch [6/30], Loss: 0.1044
Epoch [7/30], Loss: 0.1258
Epoch [8/30], Loss: 0.8495
Epoch [9/30], Loss: 0.1910
Epoch [10/30], Loss: 0.3146
Epoch [11/30], Loss: 0.1745
Epoch [12/30], Loss: 0.4961
Epoch [13/30], Loss: 0.3858
Epoch [14/30], Loss: 0.1438
Epoch [15/30], Loss: 0.2913
Epoch [16/30], Loss: 0.3261
Epoch [17/30], Loss: 0.5044
Epoch [18/30], Loss: 0.2176
Epoch [19/30], Loss: 0.2455
Epoch [20/30], Loss: 0.8249
Epoch [21/30], Loss: 0.1859
Epoch [22/30], Loss: 0.5247
Epoch [23/30], Loss: 0.0819
Epoch [24/30], Loss: 0.6189
Epoch [25/30], Loss: 0.1107
Epoch [26/30], Loss: 0.4325
Epoch [27/30], Loss: 0.0882
Epoch [28/30], Loss: 0.4848
Epoch [29/30], Loss: 0.0702
Epoch [30/30], Loss: 0.2103
[90]
Epoch [1/30], Loss: 0.0247
Epoch [2/30], Loss: 0.0087
Epoch [3/30], Loss: 0.0087
Epoch [4/30], Loss: 0.0060
Epoch [5/30], Loss: 0.0060
Epoch [6/30], Loss: 0.0083
Epoch [7/30], Loss: 0.0066
Epoch [8/30], Loss: 0.0213
Epoch [9/30], Loss: 0.0114
Epoch [10/30], Loss: 0.0095
Epoch [11/30], Loss: 0.0112
Epoch [12/30], Loss: 0.0053
Epoch [13/30], Loss: 0.0055
Epoch [14/30], Loss: 0.0083
Epoch [15/30], Loss: 0.0049
Epoch [16/30], Loss: 0.0058
Epoch [17/30], Loss: 0.0093
Epoch [18/30], Loss: 0.0055
Epoch [19/30], Loss: 0.0083
Epoch [20/30], Loss: 0.0060
Epoch [21/30], Loss: 0.0216
Epoch [22/30], Loss: 0.0055
Epoch [23/30], Loss: 0.0177
Epoch [24/30], Loss: 0.0110
Epoch [25/30], Loss: 0.0085
Epoch [26/30], Loss: 0.0216
Epoch [27/30], Loss: 0.0085
Epoch [28/30], Loss: 0.0051
Epoch [29/30], Loss: 0.0137
Epoch [30/30], Loss: 0.0139
[49, 101]
Epoch [1/30], Loss: 0.1475
Epoch [2/30], Loss: 0.1485
Epoch [3/30], Loss: 0.2118
Epoch [4/30], Loss: 0.1283
Epoch [5/30], Loss: 0.2376
Epoch [6/30], Loss: 0.1743
Epoch [7/30], Loss: 0.2927
Epoch [8/30], Loss: 0.3320
Epoch [9/30], Loss: 0.1587
Epoch [10/30], Loss: 0.2285
Epoch [11/30], Loss: 3.9221
Epoch [12/30], Loss: 0.1907
Epoch [13/30], Loss: 0.2026
Epoch [14/30], Loss: 0.2015
Epoch [15/30], Loss: 0.1853
Epoch [16/30], Loss: 0.2116
Epoch [17/30], Loss: 0.1559
Epoch [18/30], Loss: 0.2374
Epoch [19/30], Loss: 0.1195
Epoch [20/30], Loss: 0.1472
Epoch [21/30], Loss: 0.1663
Epoch [22/30], Loss: 0.2364
Epoch [23/30], Loss: 0.2404
Epoch [24/30], Loss: 0.1750
Epoch [25/30], Loss: 0.1661
Epoch [26/30], Loss: 0.1952
Epoch [27/30], Loss: 0.2091
Epoch [28/30], Loss: 0.1687
Epoch [29/30], Loss: 0.1519
Epoch [30/30], Loss: 0.1845
[47, 99]
Epoch [1/30], Loss: 0.3568
Epoch [2/30], Loss: 0.5872
Epoch [3/30], Loss: 0.7057
Epoch [4/30], Loss: 1.3945
Epoch [5/30], Loss: 0.6173
Epoch [6/30], Loss: 0.2266
Epoch [7/30], Loss: 0.5314
Epoch [8/30], Loss: 3.5702
Epoch [9/30], Loss: 0.8412
Epoch [10/30], Loss: 0.6098
Epoch [11/30], Loss: 2.6571
Epoch [12/30], Loss: 0.4260
Epoch [13/30], Loss: 0.4620
Epoch [14/30], Loss: 0.6024
Epoch [15/30], Loss: 0.6816
Epoch [16/30], Loss: 0.2275
Epoch [17/30], Loss: 0.2992
Epoch [18/30], Loss: 0.3854
Epoch [19/30], Loss: 0.5364
Epoch [20/30], Loss: 0.8988
Epoch [21/30], Loss: 0.6138
Epoch [22/30], Loss: 0.4526
Epoch [23/30], Loss: 0.4522
Epoch [24/30], Loss: 0.4704
Epoch [25/30], Loss: 0.6072
Epoch [26/30], Loss: 0.3018
Epoch [27/30], Loss: 0.4580
Epoch [28/30], Loss: 0.3010
Epoch [29/30], Loss: 0.6898
Epoch [30/30], Loss: 0.6824
[9, 61, 8, 11, 10, 62]
Epoch [1/30], Loss: 0.0861
Epoch [2/30], Loss: 0.0762
Epoch [3/30], Loss: 0.0615
Epoch [4/30], Loss: 0.0561
Epoch [5/30], Loss: 0.0910
Epoch [6/30], Loss: 0.0475
Epoch [7/30], Loss: 0.0435
Epoch [8/30], Loss: 0.1169
Epoch [9/30], Loss: 0.0349
Epoch [10/30], Loss: 0.0395
Epoch [11/30], Loss: 0.0466
Epoch [12/30], Loss: 0.0390
Epoch [13/30], Loss: 0.0358
Epoch [14/30], Loss: 0.0353
Epoch [15/30], Loss: 0.0427
Epoch [16/30], Loss: 0.0655
Epoch [17/30], Loss: 0.0356
Epoch [18/30], Loss: 0.0671
Epoch [19/30], Loss: 0.0486
Epoch [20/30], Loss: 0.0332
Epoch [21/30], Loss: 0.0730
Epoch [22/30], Loss: 0.0353
Epoch [23/30], Loss: 0.0355
Epoch [24/30], Loss: 21.8720
Epoch [25/30], Loss: 0.0740
Epoch [26/30], Loss: 0.0353
Epoch [27/30], Loss: 0.0444
Epoch [28/30], Loss: 0.1235
Epoch [29/30], Loss: 0.0550
Epoch [30/30], Loss: 0.0730
[104]
Epoch [1/30], Loss: 1.9404
Epoch [2/30], Loss: 0.3231
Epoch [3/30], Loss: 1.1001
Epoch [4/30], Loss: 0.1024
Epoch [5/30], Loss: 1.2997
Epoch [6/30], Loss: 0.8836
Epoch [7/30], Loss: 1.5939
Epoch [8/30], Loss: 2.9701
Epoch [9/30], Loss: 0.9351
Epoch [10/30], Loss: 1.0860
Epoch [11/30], Loss: 3.2385
Epoch [12/30], Loss: 1.4869
Epoch [13/30], Loss: 0.8516
Epoch [14/30], Loss: 0.9925
Epoch [15/30], Loss: 2.2954
Epoch [16/30], Loss: 1.2520
Epoch [17/30], Loss: 1.0471
Epoch [18/30], Loss: 0.8943
Epoch [19/30], Loss: 0.3819
Epoch [20/30], Loss: 0.1075
Epoch [21/30], Loss: 0.5627
Epoch [22/30], Loss: 0.6802
Epoch [23/30], Loss: 1.1367
Epoch [24/30], Loss: 0.3268
Epoch [25/30], Loss: 1.1298
Epoch [26/30], Loss: 2.0762
Epoch [27/30], Loss: 0.3644
Epoch [28/30], Loss: 1.9234
Epoch [29/30], Loss: 0.8964
Epoch [30/30], Loss: 0.4057
[63]
Epoch [1/30], Loss: 0.9479
Epoch [2/30], Loss: 0.2709
Epoch [3/30], Loss: 1.0449
Epoch [4/30], Loss: 0.6688
Epoch [5/30], Loss: 0.9254
Epoch [6/30], Loss: 0.8101
Epoch [7/30], Loss: 0.7544
Epoch [8/30], Loss: 1.0995
Epoch [9/30], Loss: 0.3703
Epoch [10/30], Loss: 1.5780
Epoch [11/30], Loss: 0.9016
Epoch [12/30], Loss: 0.7173
Epoch [13/30], Loss: 0.2407
Epoch [14/30], Loss: 0.3777
Epoch [15/30], Loss: 0.9637
Epoch [16/30], Loss: 0.8809
Epoch [17/30], Loss: 0.4865
Epoch [18/30], Loss: 0.5112
Epoch [19/30], Loss: 0.6912
Epoch [20/30], Loss: 0.5809
Epoch [21/30], Loss: 0.3355
Epoch [22/30], Loss: 0.3661
Epoch [23/30], Loss: 0.9678
Epoch [24/30], Loss: 0.2403
Epoch [25/30], Loss: 0.3479
Epoch [26/30], Loss: 0.5504
Epoch [27/30], Loss: 0.3218
Epoch [28/30], Loss: 0.6859
Epoch [29/30], Loss: 0.2983
Epoch [30/30], Loss: 0.5354
[71, 72, 19, 20]
Epoch [1/30], Loss: 0.0761
Epoch [2/30], Loss: 0.0243
Epoch [3/30], Loss: 0.0535
Epoch [4/30], Loss: 0.2644
Epoch [5/30], Loss: 0.0249
Epoch [6/30], Loss: 0.0344
Epoch [7/30], Loss: 0.1138
Epoch [8/30], Loss: 0.0241
Epoch [9/30], Loss: 0.0454
Epoch [10/30], Loss: 0.0340
Epoch [11/30], Loss: 0.0421
Epoch [12/30], Loss: 0.0478
Epoch [13/30], Loss: 0.0249
Epoch [14/30], Loss: 0.0273
Epoch [15/30], Loss: 0.0262
Epoch [16/30], Loss: 0.0285
Epoch [17/30], Loss: 0.0581
Epoch [18/30], Loss: 0.0518
Epoch [19/30], Loss: 0.0610
Epoch [20/30], Loss: 0.0458
Epoch [21/30], Loss: 0.0372
Epoch [22/30], Loss: 0.0307
Epoch [23/30], Loss: 0.0403
Epoch [24/30], Loss: 0.0224
Epoch [25/30], Loss: 0.0290
Epoch [26/30], Loss: 0.0368
Epoch [27/30], Loss: 0.0245
Epoch [28/30], Loss: 0.0371
Epoch [29/30], Loss: 0.0407
Epoch [30/30], Loss: 0.1949
[53, 105, 50, 102]
Epoch [1/30], Loss: 0.5285
Epoch [2/30], Loss: 0.2235
Epoch [3/30], Loss: 0.2243
Epoch [4/30], Loss: 0.9858
Epoch [5/30], Loss: 10.6056
Epoch [6/30], Loss: 0.3495
Epoch [7/30], Loss: 0.5650
Epoch [8/30], Loss: 0.4408
Epoch [9/30], Loss: 0.9766
Epoch [10/30], Loss: 0.7139
Epoch [11/30], Loss: 1.0772
Epoch [12/30], Loss: 0.4820
Epoch [13/30], Loss: 0.2581
Epoch [14/30], Loss: 0.2952
Epoch [15/30], Loss: 0.2683
Epoch [16/30], Loss: 0.2632
Epoch [17/30], Loss: 0.2519
Epoch [18/30], Loss: 0.4470
Epoch [19/30], Loss: 0.4126
Epoch [20/30], Loss: 0.4479
Epoch [21/30], Loss: 0.3339
Epoch [22/30], Loss: 0.7848
Epoch [23/30], Loss: 0.2658
Epoch [24/30], Loss: 0.5191
Epoch [25/30], Loss: 0.2461
Epoch [26/30], Loss: 0.5851
Epoch [27/30], Loss: 0.4984
Epoch [28/30], Loss: 0.5100
Epoch [29/30], Loss: 0.3376
Epoch [30/30], Loss: 0.5867
[45, 97]
Epoch [1/30], Loss: 0.8121
Epoch [2/30], Loss: 0.6343
Epoch [3/30], Loss: 1.0984
Epoch [4/30], Loss: 3.5030
Epoch [5/30], Loss: 1.4205
Epoch [6/30], Loss: 1.1992
Epoch [7/30], Loss: 1.2786
Epoch [8/30], Loss: 0.5712
Epoch [9/30], Loss: 1.0376
Epoch [10/30], Loss: 0.7030
Epoch [11/30], Loss: 1.0353
Epoch [12/30], Loss: 1.7652
Epoch [13/30], Loss: 1.5172
Epoch [14/30], Loss: 3.4071
Epoch [15/30], Loss: 0.8848
Epoch [16/30], Loss: 0.7694
Epoch [17/30], Loss: 1.6514
Epoch [18/30], Loss: 0.7240
Epoch [19/30], Loss: 1.0151
Epoch [20/30], Loss: 1.1016
Epoch [21/30], Loss: 1.0456
Epoch [22/30], Loss: 1.3513
Epoch [23/30], Loss: 1.0775
Epoch [24/30], Loss: 0.7583
Epoch [25/30], Loss: 1.3800
Epoch [26/30], Loss: 0.7240
Epoch [27/30], Loss: 0.6192
Epoch [28/30], Loss: 0.6359
Epoch [29/30], Loss: 1.5362
Epoch [30/30], Loss: 1.4957
[39, 91]
Epoch [1/30], Loss: 0.3431
Epoch [2/30], Loss: 0.3258
Epoch [3/30], Loss: 0.4458
Epoch [4/30], Loss: 0.3174
Epoch [5/30], Loss: 0.3620
Epoch [6/30], Loss: 0.6561
Epoch [7/30], Loss: 0.4452
Epoch [8/30], Loss: 0.6217
Epoch [9/30], Loss: 0.4116
Epoch [10/30], Loss: 0.3245
Epoch [11/30], Loss: 0.2748
Epoch [12/30], Loss: 0.7154
Epoch [13/30], Loss: 0.2853
Epoch [14/30], Loss: 0.5889
Epoch [15/30], Loss: 0.6199
Epoch [16/30], Loss: 0.4607
Epoch [17/30], Loss: 0.5111
Epoch [18/30], Loss: 0.4656
Epoch [19/30], Loss: 0.4668
Epoch [20/30], Loss: 0.6029
Epoch [21/30], Loss: 0.4337
Epoch [22/30], Loss: 0.4476
Epoch [23/30], Loss: 0.4264
Epoch [24/30], Loss: 0.2630
Epoch [25/30], Loss: 0.3511
Epoch [26/30], Loss: 0.3398
Epoch [27/30], Loss: 0.6423
Epoch [28/30], Loss: 0.7331
Epoch [29/30], Loss: 1.3348
Epoch [30/30], Loss: 0.5221
[43, 95]
Epoch [1/30], Loss: 0.8953
Epoch [2/30], Loss: 0.4390
Epoch [3/30], Loss: 0.7888
Epoch [4/30], Loss: 1.0351
Epoch [5/30], Loss: 0.6949
Epoch [6/30], Loss: 1.1688
Epoch [7/30], Loss: 0.3918
Epoch [8/30], Loss: 0.9126
Epoch [9/30], Loss: 0.3685
Epoch [10/30], Loss: 0.9437
Epoch [11/30], Loss: 0.6244
Epoch [12/30], Loss: 0.6477
Epoch [13/30], Loss: 0.7795
Epoch [14/30], Loss: 0.4854
Epoch [15/30], Loss: 0.3608
Epoch [16/30], Loss: 0.5310
Epoch [17/30], Loss: 0.6793
Epoch [18/30], Loss: 0.4050
Epoch [19/30], Loss: 0.7633
Epoch [20/30], Loss: 0.3844
Epoch [21/30], Loss: 0.7268
Epoch [22/30], Loss: 1.5015
Epoch [23/30], Loss: 0.4695
Epoch [24/30], Loss: 0.8717
Epoch [25/30], Loss: 0.4003
Epoch [26/30], Loss: 0.5788
Epoch [27/30], Loss: 0.6090
Epoch [28/30], Loss: 0.3756
Epoch [29/30], Loss: 1.1918
Epoch [30/30], Loss: 0.5780
[7, 59]
Epoch [1/30], Loss: 0.6218
Epoch [2/30], Loss: 0.9087
Epoch [3/30], Loss: 0.4937
Epoch [4/30], Loss: 0.3020
Epoch [5/30], Loss: 0.7457
Epoch [6/30], Loss: 0.5807
Epoch [7/30], Loss: 0.4417
Epoch [8/30], Loss: 0.6965
Epoch [9/30], Loss: 1.7235
Epoch [10/30], Loss: 0.3689
Epoch [11/30], Loss: 2.7762
Epoch [12/30], Loss: 0.3803
Epoch [13/30], Loss: 1.8957
Epoch [14/30], Loss: 0.4633
Epoch [15/30], Loss: 1.0853
Epoch [16/30], Loss: 5.0055
Epoch [17/30], Loss: 1.1438
Epoch [18/30], Loss: 0.7017
Epoch [19/30], Loss: 0.6388
Epoch [20/30], Loss: 0.4640
Epoch [21/30], Loss: 1.3500
Epoch [22/30], Loss: 0.5114
Epoch [23/30], Loss: 1.2868
Epoch [24/30], Loss: 0.4776
Epoch [25/30], Loss: 0.3599
Epoch [26/30], Loss: 0.5492
Epoch [27/30], Loss: 1.1914
Epoch [28/30], Loss: 6.2430
Epoch [29/30], Loss: 0.4873
Epoch [30/30], Loss: 1.0748
[106]
Epoch [1/30], Loss: 0.1641
Epoch [2/30], Loss: 0.1241
Epoch [3/30], Loss: 0.1321
Epoch [4/30], Loss: 0.0896
Epoch [5/30], Loss: 0.0791
Epoch [6/30], Loss: 0.0962
Epoch [7/30], Loss: 1.1840
Epoch [8/30], Loss: 0.0898
Epoch [9/30], Loss: 0.3890
Epoch [10/30], Loss: 0.0750
Epoch [11/30], Loss: 0.1552
Epoch [12/30], Loss: 0.1786
Epoch [13/30], Loss: 0.0890
Epoch [14/30], Loss: 0.1310
Epoch [15/30], Loss: 0.1524
Epoch [16/30], Loss: 0.0836
Epoch [17/30], Loss: 0.1755
Epoch [18/30], Loss: 0.1782
Epoch [19/30], Loss: 0.0831
Epoch [20/30], Loss: 1.0085
Epoch [21/30], Loss: 0.5243
Epoch [22/30], Loss: 0.4157
Epoch [23/30], Loss: 0.1143
Epoch [24/30], Loss: 0.1239
Epoch [25/30], Loss: 0.1157
Epoch [26/30], Loss: 0.1080
Epoch [27/30], Loss: 0.2963
Epoch [28/30], Loss: 0.1091
Epoch [29/30], Loss: 0.0835
Epoch [30/30], Loss: 0.1323
[32, 36, 88]
Epoch [1/30], Loss: 0.5244
Epoch [2/30], Loss: 0.5234
Epoch [3/30], Loss: 0.6164
Epoch [4/30], Loss: 1.5121
Epoch [5/30], Loss: 0.5202
Epoch [6/30], Loss: 0.2291
Epoch [7/30], Loss: 0.4795
Epoch [8/30], Loss: 0.5246
Epoch [9/30], Loss: 0.2676
Epoch [10/30], Loss: 0.4852
Epoch [11/30], Loss: 0.2533
Epoch [12/30], Loss: 0.2391
Epoch [13/30], Loss: 0.5595
Epoch [14/30], Loss: 0.5306
Epoch [15/30], Loss: 0.1863
Epoch [16/30], Loss: 0.8516
Epoch [17/30], Loss: 0.1774
Epoch [18/30], Loss: 0.7761
Epoch [19/30], Loss: 0.5062
Epoch [20/30], Loss: 0.5850
Epoch [21/30], Loss: 0.1773
Epoch [22/30], Loss: 0.8507
Epoch [23/30], Loss: 0.1702
Epoch [24/30], Loss: 0.5821
Epoch [25/30], Loss: 0.5805
Epoch [26/30], Loss: 0.2939
Epoch [27/30], Loss: 0.1477
Epoch [28/30], Loss: 0.2286
Epoch [29/30], Loss: 0.5325
Epoch [30/30], Loss: 0.5214
[78]
Epoch [1/30], Loss: 0.0567
Epoch [2/30], Loss: 0.0462
Epoch [3/30], Loss: 0.0540
Epoch [4/30], Loss: 0.0925
Epoch [5/30], Loss: 0.0298
Epoch [6/30], Loss: 0.0482
Epoch [7/30], Loss: 0.1288
Epoch [8/30], Loss: 0.0565
Epoch [9/30], Loss: 0.1142
Epoch [10/30], Loss: 0.0681
Epoch [11/30], Loss: 0.0747
Epoch [12/30], Loss: 0.0811
Epoch [13/30], Loss: 0.0584
Epoch [14/30], Loss: 0.1061
Epoch [15/30], Loss: 0.1244
Epoch [16/30], Loss: 0.1679
Epoch [17/30], Loss: 0.0582
Epoch [18/30], Loss: 0.1246
Epoch [19/30], Loss: 0.0555
Epoch [20/30], Loss: 0.0936
Epoch [21/30], Loss: 0.0589
Epoch [22/30], Loss: 0.0631
Epoch [23/30], Loss: 0.1147
Epoch [24/30], Loss: 0.0388
Epoch [25/30], Loss: 0.0891
Epoch [26/30], Loss: 0.0455
Epoch [27/30], Loss: 0.2442
Epoch [28/30], Loss: 0.0485
Epoch [29/30], Loss: 0.1790
Epoch [30/30], Loss: 0.0915
[29]
Epoch [1/30], Loss: 1.0073
Epoch [2/30], Loss: 0.3749
Epoch [3/30], Loss: 0.6554
Epoch [4/30], Loss: 0.9000
Epoch [5/30], Loss: 1.3401
Epoch [6/30], Loss: 0.4866
Epoch [7/30], Loss: 0.7776
Epoch [8/30], Loss: 0.9304
Epoch [9/30], Loss: 0.6817
Epoch [10/30], Loss: 0.8763
Epoch [11/30], Loss: 0.7493
Epoch [12/30], Loss: 1.2072
Epoch [13/30], Loss: 1.3797
Epoch [14/30], Loss: 1.0017
Epoch [15/30], Loss: 0.8379
Epoch [16/30], Loss: 1.9094
Epoch [17/30], Loss: 0.5726
Epoch [18/30], Loss: 0.5632
Epoch [19/30], Loss: 0.9806
Epoch [20/30], Loss: 1.4141
Epoch [21/30], Loss: 0.8871
Epoch [22/30], Loss: 0.7332
Epoch [23/30], Loss: 0.6751
Epoch [24/30], Loss: 0.5357
Epoch [25/30], Loss: 1.0703
Epoch [26/30], Loss: 0.8172
Epoch [27/30], Loss: 1.6206
Epoch [28/30], Loss: 1.1643
Epoch [29/30], Loss: 0.8726
Epoch [30/30], Loss: 0.8881
[37, 89]
Epoch [1/30], Loss: 0.6549
Epoch [2/30], Loss: 0.8340
Epoch [3/30], Loss: 2.3072
Epoch [4/30], Loss: 0.2593
Epoch [5/30], Loss: 0.0574
Epoch [6/30], Loss: 0.0572
Epoch [7/30], Loss: 0.2194
Epoch [8/30], Loss: 0.0553
Epoch [9/30], Loss: 0.4988
Epoch [10/30], Loss: 0.3739
Epoch [11/30], Loss: 0.3728
Epoch [12/30], Loss: 0.8447
Epoch [13/30], Loss: 1.8440
Epoch [14/30], Loss: 0.3946
Epoch [15/30], Loss: 0.3864
Epoch [16/30], Loss: 0.0566
Epoch [17/30], Loss: 1.1916
Epoch [18/30], Loss: 0.2094
Epoch [19/30], Loss: 0.2214
Epoch [20/30], Loss: 0.5343
Epoch [21/30], Loss: 9.0177
Epoch [22/30], Loss: 0.2082
Epoch [23/30], Loss: 3.2929
Epoch [24/30], Loss: 0.5259
Epoch [25/30], Loss: 0.0585
Epoch [26/30], Loss: 1.0374
Epoch [27/30], Loss: 0.7019
Epoch [28/30], Loss: 0.3857
Epoch [29/30], Loss: 0.2100
Epoch [30/30], Loss: 0.3702
[67]
Epoch [1/30], Loss: 0.0710
Epoch [2/30], Loss: 1.5586
Epoch [3/30], Loss: 0.9426
Epoch [4/30], Loss: 0.0614
Epoch [5/30], Loss: 2.5250
Epoch [6/30], Loss: 0.0604
Epoch [7/30], Loss: 1.9212
Epoch [8/30], Loss: 2.3063
Epoch [9/30], Loss: 1.8785
Epoch [10/30], Loss: 0.0608
Epoch [11/30], Loss: 1.4693
Epoch [12/30], Loss: 0.9858
Epoch [13/30], Loss: 0.0688
Epoch [14/30], Loss: 0.0802
Epoch [15/30], Loss: 0.6514
Epoch [16/30], Loss: 1.0462
Epoch [17/30], Loss: 2.9811
Epoch [18/30], Loss: 2.7910
Epoch [19/30], Loss: 0.2235
Epoch [20/30], Loss: 0.0623
Epoch [21/30], Loss: 0.0713
Epoch [22/30], Loss: 0.0779
Epoch [23/30], Loss: 0.6653
Epoch [24/30], Loss: 0.0579
Epoch [25/30], Loss: 0.0939
Epoch [26/30], Loss: 0.3062
Epoch [27/30], Loss: 0.0801
Epoch [28/30], Loss: 2.8790
Epoch [29/30], Loss: 1.8113
Epoch [30/30], Loss: 1.1912
[15]
Epoch [1/30], Loss: 0.8762
Epoch [2/30], Loss: 0.3903
Epoch [3/30], Loss: 0.4262
Epoch [4/30], Loss: 3.2547
Epoch [5/30], Loss: 0.2945
Epoch [6/30], Loss: 0.1975
Epoch [7/30], Loss: 0.2984
Epoch [8/30], Loss: 0.3482
Epoch [9/30], Loss: 0.4078
Epoch [10/30], Loss: 0.5300
Epoch [11/30], Loss: 0.3007
Epoch [12/30], Loss: 0.3284
Epoch [13/30], Loss: 0.4616
Epoch [14/30], Loss: 0.2195
Epoch [15/30], Loss: 0.4601
Epoch [16/30], Loss: 0.8744
Epoch [17/30], Loss: 2.1188
Epoch [18/30], Loss: 2.2910
Epoch [19/30], Loss: 0.4702
Epoch [20/30], Loss: 1.7356
Epoch [21/30], Loss: 0.3596
Epoch [22/30], Loss: 0.3684
Epoch [23/30], Loss: 0.8427
Epoch [24/30], Loss: 0.6992
Epoch [25/30], Loss: 0.9437
Epoch [26/30], Loss: 0.2770
Epoch [27/30], Loss: 1.9170
Epoch [28/30], Loss: 0.4235
Epoch [29/30], Loss: 1.2427
Epoch [30/30], Loss: 0.3776
[26]
Epoch [1/30], Loss: 0.2322
Epoch [2/30], Loss: 0.4727
Epoch [3/30], Loss: 0.3911
Epoch [4/30], Loss: 0.7054
Epoch [5/30], Loss: 0.2430
Epoch [6/30], Loss: 0.4254
Epoch [7/30], Loss: 0.4072
Epoch [8/30], Loss: 0.5115
Epoch [9/30], Loss: 0.2771
Epoch [10/30], Loss: 0.5473
Epoch [11/30], Loss: 0.8035
Epoch [12/30], Loss: 0.3288
Epoch [13/30], Loss: 0.8202
Epoch [14/30], Loss: 0.3829
Epoch [15/30], Loss: 0.2372
Epoch [16/30], Loss: 0.1032
Epoch [17/30], Loss: 0.2979
Epoch [18/30], Loss: 0.2508
Epoch [19/30], Loss: 0.1698
Epoch [20/30], Loss: 0.2809
Epoch [21/30], Loss: 0.3816
Epoch [22/30], Loss: 0.4895
Epoch [23/30], Loss: 0.1907
Epoch [24/30], Loss: 0.2196
Epoch [25/30], Loss: 0.3079
Epoch [26/30], Loss: 0.3706
Epoch [27/30], Loss: 0.4140
Epoch [28/30], Loss: 0.2650
Epoch [29/30], Loss: 0.5850
Epoch [30/30], Loss: 0.4535
[54]
Epoch [1/30], Loss: 0.1638
Epoch [2/30], Loss: 0.3219
Epoch [3/30], Loss: 0.2110
Epoch [4/30], Loss: 0.4793
Epoch [5/30], Loss: 0.3710
Epoch [6/30], Loss: 0.3400
Epoch [7/30], Loss: 0.2665
Epoch [8/30], Loss: 0.0899
Epoch [9/30], Loss: 0.3643
Epoch [10/30], Loss: 0.2908
Epoch [11/30], Loss: 0.4440
Epoch [12/30], Loss: 0.3372
Epoch [13/30], Loss: 0.3928
Epoch [14/30], Loss: 0.4169
Epoch [15/30], Loss: 0.4715
Epoch [16/30], Loss: 0.2395
Epoch [17/30], Loss: 0.1272
Epoch [18/30], Loss: 0.5094
Epoch [19/30], Loss: 0.2657
Epoch [20/30], Loss: 0.2393
Epoch [21/30], Loss: 0.1432
Epoch [22/30], Loss: 0.2996
Epoch [23/30], Loss: 0.1352
Epoch [24/30], Loss: 0.2554
Epoch [25/30], Loss: 0.2807
Epoch [26/30], Loss: 0.3920
Epoch [27/30], Loss: 0.5127
Epoch [28/30], Loss: 0.2092
Epoch [29/30], Loss: 0.2893
Epoch [30/30], Loss: 0.2442
[6, 112, 58, 114]
Epoch [1/30], Loss: 0.2820
Epoch [2/30], Loss: 0.4331
Epoch [3/30], Loss: 0.5188
Epoch [4/30], Loss: 0.4869
Epoch [5/30], Loss: 1.8598
Epoch [6/30], Loss: 0.5867
Epoch [7/30], Loss: 0.4635
Epoch [8/30], Loss: 0.4948
Epoch [9/30], Loss: 0.3451
Epoch [10/30], Loss: 0.4464
Epoch [11/30], Loss: 0.6870
Epoch [12/30], Loss: 0.4058
Epoch [13/30], Loss: 0.3095
Epoch [14/30], Loss: 0.5756
Epoch [15/30], Loss: 0.4268
Epoch [16/30], Loss: 0.4417
Epoch [17/30], Loss: 0.4937
Epoch [18/30], Loss: 0.7170
Epoch [19/30], Loss: 0.4238
Epoch [20/30], Loss: 0.3541
Epoch [21/30], Loss: 0.6218
Epoch [22/30], Loss: 0.4605
Epoch [23/30], Loss: 0.4512
Epoch [24/30], Loss: 0.5292
Epoch [25/30], Loss: 0.4599
Epoch [26/30], Loss: 0.4268
Epoch [27/30], Loss: 0.4464
Epoch [28/30], Loss: 0.5449
Epoch [29/30], Loss: 0.5942
Epoch [30/30], Loss: 0.4267
[122]
Epoch [1/30], Loss: 2.3205
Epoch [2/30], Loss: 0.3060
Epoch [3/30], Loss: 4.4375
Epoch [4/30], Loss: 0.3681
Epoch [5/30], Loss: 0.7414
Epoch [6/30], Loss: 1.2840
Epoch [7/30], Loss: 0.9098
Epoch [8/30], Loss: 0.4257
Epoch [9/30], Loss: 0.3309
Epoch [10/30], Loss: 0.2970
Epoch [11/30], Loss: 0.3516
Epoch [12/30], Loss: 0.3342
Epoch [13/30], Loss: 2.7346
Epoch [14/30], Loss: 2.4182
Epoch [15/30], Loss: 0.3149
Epoch [16/30], Loss: 0.5378
Epoch [17/30], Loss: 0.3425
Epoch [18/30], Loss: 2.1963
Epoch [19/30], Loss: 0.8454
Epoch [20/30], Loss: 0.1792
Epoch [21/30], Loss: 0.2168
Epoch [22/30], Loss: 0.3150
Epoch [23/30], Loss: 0.4594
Epoch [24/30], Loss: 0.7590
Epoch [25/30], Loss: 0.7265
Epoch [26/30], Loss: 0.3171
Epoch [27/30], Loss: 1.5959
Epoch [28/30], Loss: 1.8807
Epoch [29/30], Loss: 1.3560
Epoch [30/30], Loss: 0.5585
[41, 93]
Epoch [1/30], Loss: 0.8673
Epoch [2/30], Loss: 1.1150
Epoch [3/30], Loss: 0.8680
Epoch [4/30], Loss: 1.1060
Epoch [5/30], Loss: 0.8404
Epoch [6/30], Loss: 0.9971
Epoch [7/30], Loss: 0.9675
Epoch [8/30], Loss: 0.7760
Epoch [9/30], Loss: 0.9527
Epoch [10/30], Loss: 0.9555
Epoch [11/30], Loss: 0.8081
Epoch [12/30], Loss: 0.9172
Epoch [13/30], Loss: 1.3862
Epoch [14/30], Loss: 1.1869
Epoch [15/30], Loss: 0.9638
Epoch [16/30], Loss: 0.6997
Epoch [17/30], Loss: 1.0207
Epoch [18/30], Loss: 0.8686
Epoch [19/30], Loss: 1.2598
Epoch [20/30], Loss: 1.0266
Epoch [21/30], Loss: 0.9278
Epoch [22/30], Loss: 1.1243
Epoch [23/30], Loss: 1.5207
Epoch [24/30], Loss: 1.1939
Epoch [25/30], Loss: 0.9378
Epoch [26/30], Loss: 1.0765
Epoch [27/30], Loss: 1.0096
Epoch [28/30], Loss: 1.0111
Epoch [29/30], Loss: 0.8659
Epoch [30/30], Loss: 1.2820
[81, 84]
Epoch [1/30], Loss: 0.7888
Epoch [2/30], Loss: 0.6534
Epoch [3/30], Loss: 0.6406
Epoch [4/30], Loss: 0.7132
Epoch [5/30], Loss: 1.1260
Epoch [6/30], Loss: 0.7737
Epoch [7/30], Loss: 0.5468
Epoch [8/30], Loss: 0.5976
Epoch [9/30], Loss: 0.6759
Epoch [10/30], Loss: 0.5130
Epoch [11/30], Loss: 0.5568
Epoch [12/30], Loss: 0.5712
Epoch [13/30], Loss: 0.6308
Epoch [14/30], Loss: 0.6930
Epoch [15/30], Loss: 0.6170
Epoch [16/30], Loss: 0.6192
Epoch [17/30], Loss: 0.6251
Epoch [18/30], Loss: 0.6724
Epoch [19/30], Loss: 0.6590
Epoch [20/30], Loss: 0.5279
Epoch [21/30], Loss: 0.6134
Epoch [22/30], Loss: 0.6351
Epoch [23/30], Loss: 0.5332
Epoch [24/30], Loss: 0.6109
Epoch [25/30], Loss: 0.5558
Epoch [26/30], Loss: 0.8221
Epoch [27/30], Loss: 0.6709
Epoch [28/30], Loss: 0.5419
Epoch [29/30], Loss: 0.6862
Epoch [30/30], Loss: 0.6554
[123]
Epoch [1/30], Loss: 0.4484
Epoch [2/30], Loss: 0.2288
Epoch [3/30], Loss: 0.3276
Epoch [4/30], Loss: 0.4416
Epoch [5/30], Loss: 0.4091
Epoch [6/30], Loss: 0.4128
Epoch [7/30], Loss: 0.3690
Epoch [8/30], Loss: 0.2418
Epoch [9/30], Loss: 0.3921
Epoch [10/30], Loss: 0.4326
Epoch [11/30], Loss: 0.7062
Epoch [12/30], Loss: 0.3490
Epoch [13/30], Loss: 0.4113
Epoch [14/30], Loss: 0.5844
Epoch [15/30], Loss: 0.4211
Epoch [16/30], Loss: 0.2789
Epoch [17/30], Loss: 0.5419
Epoch [18/30], Loss: 0.3845
Epoch [19/30], Loss: 0.3306
Epoch [20/30], Loss: 0.2481
Epoch [21/30], Loss: 0.2082
Epoch [22/30], Loss: 0.4211
Epoch [23/30], Loss: 0.6378
Epoch [24/30], Loss: 0.2781
Epoch [25/30], Loss: 0.7895
Epoch [26/30], Loss: 0.5883
Epoch [27/30], Loss: 0.3678
Epoch [28/30], Loss: 0.3267
Epoch [29/30], Loss: 0.3692
Epoch [30/30], Loss: 0.3697
[118, 17, 69]
Epoch [1/30], Loss: 0.0580
Epoch [2/30], Loss: 0.0640
Epoch [3/30], Loss: 0.0935
Epoch [4/30], Loss: 0.0791
Epoch [5/30], Loss: 0.0472
Epoch [6/30], Loss: 0.0594
Epoch [7/30], Loss: 0.1183
Epoch [8/30], Loss: 0.0749
Epoch [9/30], Loss: 0.0631
Epoch [10/30], Loss: 0.0861
Epoch [11/30], Loss: 0.0793
Epoch [12/30], Loss: 0.0526
Epoch [13/30], Loss: 0.0770
Epoch [14/30], Loss: 0.0439
Epoch [15/30], Loss: 0.0643
Epoch [16/30], Loss: 0.0528
Epoch [17/30], Loss: 0.0775
Epoch [18/30], Loss: 0.1606
Epoch [19/30], Loss: 0.0715
Epoch [20/30], Loss: 0.1392
Epoch [21/30], Loss: 0.0442
Epoch [22/30], Loss: 0.0552
Epoch [23/30], Loss: 0.0918
Epoch [24/30], Loss: 0.1200
Epoch [25/30], Loss: 0.1864
Epoch [26/30], Loss: 0.0712
Epoch [27/30], Loss: 0.0745
Epoch [28/30], Loss: 0.0620
Epoch [29/30], Loss: 0.0735
Epoch [30/30], Loss: 0.0759
[103]
Epoch [1/30], Loss: 0.4859
Epoch [2/30], Loss: 0.4957
Epoch [3/30], Loss: 0.6858
Epoch [4/30], Loss: 0.6483
Epoch [5/30], Loss: 0.3739
Epoch [6/30], Loss: 0.6905
Epoch [7/30], Loss: 0.8132
Epoch [8/30], Loss: 0.7817
Epoch [9/30], Loss: 0.2551
Epoch [10/30], Loss: 0.0771
Epoch [11/30], Loss: 0.3160
Epoch [12/30], Loss: 0.3485
Epoch [13/30], Loss: 0.1786
Epoch [14/30], Loss: 0.3652
Epoch [15/30], Loss: 0.3711
Epoch [16/30], Loss: 0.2389
Epoch [17/30], Loss: 0.4661
Epoch [18/30], Loss: 0.4650
Epoch [19/30], Loss: 0.2027
Epoch [20/30], Loss: 0.6815
Epoch [21/30], Loss: 0.4940
Epoch [22/30], Loss: 0.3705
Epoch [23/30], Loss: 0.2301
Epoch [24/30], Loss: 0.4327
Epoch [25/30], Loss: 0.4256
Epoch [26/30], Loss: 0.2543
Epoch [27/30], Loss: 0.5809
Epoch [28/30], Loss: 0.6312
Epoch [29/30], Loss: 0.5018
Epoch [30/30], Loss: 0.2822
[28, 80, 24, 76]
Epoch [1/30], Loss: 0.4260
Epoch [2/30], Loss: 0.3536
Epoch [3/30], Loss: 0.5624
Epoch [4/30], Loss: 0.5582
Epoch [5/30], Loss: 0.4407
Epoch [6/30], Loss: 0.4708
Epoch [7/30], Loss: 0.5376
Epoch [8/30], Loss: 0.3353
Epoch [9/30], Loss: 0.5935
Epoch [10/30], Loss: 0.4567
Epoch [11/30], Loss: 0.8171
Epoch [12/30], Loss: 1.3585
Epoch [13/30], Loss: 0.4224
Epoch [14/30], Loss: 0.3539
Epoch [15/30], Loss: 0.4780
Epoch [16/30], Loss: 0.3831
Epoch [17/30], Loss: 1.1673
Epoch [18/30], Loss: 1.0275
Epoch [19/30], Loss: 0.4750
Epoch [20/30], Loss: 0.2886
Epoch [21/30], Loss: 0.5484
Epoch [22/30], Loss: 0.5234
Epoch [23/30], Loss: 0.6568
Epoch [24/30], Loss: 0.5128
Epoch [25/30], Loss: 0.4889
Epoch [26/30], Loss: 0.4042
Epoch [27/30], Loss: 0.4017
Epoch [28/30], Loss: 0.3770
Epoch [29/30], Loss: 0.5716
Epoch [30/30], Loss: 0.2671
[128]
Epoch [1/30], Loss: 0.4427
Epoch [2/30], Loss: 0.3759
Epoch [3/30], Loss: 0.1696
Epoch [4/30], Loss: 0.2331
Epoch [5/30], Loss: 0.3441
Epoch [6/30], Loss: 0.3290
Epoch [7/30], Loss: 0.5090
Epoch [8/30], Loss: 0.5253
Epoch [9/30], Loss: 0.2886
Epoch [10/30], Loss: 0.5136
Epoch [11/30], Loss: 0.4946
Epoch [12/30], Loss: 0.6249
Epoch [13/30], Loss: 0.4807
Epoch [14/30], Loss: 0.2995
Epoch [15/30], Loss: 0.6562
Epoch [16/30], Loss: 0.6051
Epoch [17/30], Loss: 0.5436
Epoch [18/30], Loss: 0.4454
Epoch [19/30], Loss: 0.1460
Epoch [20/30], Loss: 0.4261
Epoch [21/30], Loss: 0.3122
Epoch [22/30], Loss: 0.3429
Epoch [23/30], Loss: 0.1809
Epoch [24/30], Loss: 0.4445
Epoch [25/30], Loss: 0.3754
Epoch [26/30], Loss: 0.3368
Epoch [27/30], Loss: 0.4143
Epoch [28/30], Loss: 0.4950
Epoch [29/30], Loss: 0.4952
Epoch [30/30], Loss: 0.4072
[127]
Epoch [1/30], Loss: 0.2257
Epoch [2/30], Loss: 0.5308
Epoch [3/30], Loss: 0.6280
Epoch [4/30], Loss: 0.2846
Epoch [5/30], Loss: 0.3646
Epoch [6/30], Loss: 0.3476
Epoch [7/30], Loss: 0.3742
Epoch [8/30], Loss: 0.3774
Epoch [9/30], Loss: 0.3758
Epoch [10/30], Loss: 0.5111
Epoch [11/30], Loss: 0.4260
Epoch [12/30], Loss: 0.1864
Epoch [13/30], Loss: 0.2172
Epoch [14/30], Loss: 0.5364
Epoch [15/30], Loss: 0.4495
Epoch [16/30], Loss: 0.3859
Epoch [17/30], Loss: 0.3031
Epoch [18/30], Loss: 0.5340
Epoch [19/30], Loss: 0.5872
Epoch [20/30], Loss: 0.4343
Epoch [21/30], Loss: 0.4310
Epoch [22/30], Loss: 0.4586
Epoch [23/30], Loss: 0.3715
Epoch [24/30], Loss: 0.4993
Epoch [25/30], Loss: 0.4939
Epoch [26/30], Loss: 0.8892
Epoch [27/30], Loss: 0.2896
Epoch [28/30], Loss: 0.4321
Epoch [29/30], Loss: 0.5055
Epoch [30/30], Loss: 0.3723
[18, 70]
Epoch [1/30], Loss: 0.6752
Epoch [2/30], Loss: 0.5631
Epoch [3/30], Loss: 0.9428
Epoch [4/30], Loss: 1.1811
Epoch [5/30], Loss: 1.2171
Epoch [6/30], Loss: 0.8020
Epoch [7/30], Loss: 0.8701
Epoch [8/30], Loss: 0.9859
Epoch [9/30], Loss: 0.7952
Epoch [10/30], Loss: 0.9182
Epoch [11/30], Loss: 0.9061
Epoch [12/30], Loss: 0.9513
Epoch [13/30], Loss: 1.0951
Epoch [14/30], Loss: 0.5445
Epoch [15/30], Loss: 1.0475
Epoch [16/30], Loss: 0.7927
Epoch [17/30], Loss: 0.9915
Epoch [18/30], Loss: 1.0571
Epoch [19/30], Loss: 1.1390
Epoch [20/30], Loss: 0.6456
Epoch [21/30], Loss: 1.0947
Epoch [22/30], Loss: 0.8194
Epoch [23/30], Loss: 0.9911
Epoch [24/30], Loss: 0.7540
Epoch [25/30], Loss: 0.9836
Epoch [26/30], Loss: 0.8175
Epoch [27/30], Loss: 0.9030
Epoch [28/30], Loss: 0.7035
Epoch [29/30], Loss: 0.9240
Epoch [30/30], Loss: 0.8712
[130]
Epoch [1/30], Loss: 0.9068
Epoch [2/30], Loss: 0.9077
Epoch [3/30], Loss: 1.3507
Epoch [4/30], Loss: 0.6450
Epoch [5/30], Loss: 1.0046
Epoch [6/30], Loss: 1.3491
Epoch [7/30], Loss: 6.2559
Epoch [8/30], Loss: 0.7253
Epoch [9/30], Loss: 0.4668
Epoch [10/30], Loss: 0.7712
Epoch [11/30], Loss: 0.7316
Epoch [12/30], Loss: 0.6112
Epoch [13/30], Loss: 0.5252
Epoch [14/30], Loss: 0.9867
Epoch [15/30], Loss: 0.9954
Epoch [16/30], Loss: 0.9534
Epoch [17/30], Loss: 0.6344
Epoch [18/30], Loss: 1.0348
Epoch [19/30], Loss: 0.6109
Epoch [20/30], Loss: 0.6868
Epoch [21/30], Loss: 9.7764
Epoch [22/30], Loss: 0.6818
Epoch [23/30], Loss: 0.4022
Epoch [24/30], Loss: 2.9679
Epoch [25/30], Loss: 1.1329
Epoch [26/30], Loss: 0.6220
Epoch [27/30], Loss: 0.8079
Epoch [28/30], Loss: 0.4625
Epoch [29/30], Loss: 0.4541
Epoch [30/30], Loss: 0.7428
[129]
Epoch [1/30], Loss: 0.7861
Epoch [2/30], Loss: 0.8413
Epoch [3/30], Loss: 0.7697
Epoch [4/30], Loss: 0.5625
Epoch [5/30], Loss: 0.7575
Epoch [6/30], Loss: 1.2305
Epoch [7/30], Loss: 1.4734
Epoch [8/30], Loss: 2.0506
Epoch [9/30], Loss: 0.6301
Epoch [10/30], Loss: 0.9213
Epoch [11/30], Loss: 0.8893
Epoch [12/30], Loss: 0.8787
Epoch [13/30], Loss: 0.7428
Epoch [14/30], Loss: 0.8057
Epoch [15/30], Loss: 1.1092
Epoch [16/30], Loss: 0.7485
Epoch [17/30], Loss: 1.2079
Epoch [18/30], Loss: 0.7440
Epoch [19/30], Loss: 0.8156
Epoch [20/30], Loss: 0.6545
Epoch [21/30], Loss: 0.8730
Epoch [22/30], Loss: 0.9504
Epoch [23/30], Loss: 0.8105
Epoch [24/30], Loss: 0.6036
Epoch [25/30], Loss: 1.0765
Epoch [26/30], Loss: 0.6873
Epoch [27/30], Loss: 0.6552
Epoch [28/30], Loss: 1.0214
Epoch [29/30], Loss: 1.2992
Epoch [30/30], Loss: 1.2412
[74]
Epoch [1/30], Loss: 1.3320
Epoch [2/30], Loss: 1.2175
Epoch [3/30], Loss: 0.9680
Epoch [4/30], Loss: 0.7748
Epoch [5/30], Loss: 1.1945
Epoch [6/30], Loss: 0.9627
Epoch [7/30], Loss: 0.7656
Epoch [8/30], Loss: 1.1642
Epoch [9/30], Loss: 0.9649
Epoch [10/30], Loss: 1.0595
Epoch [11/30], Loss: 0.9469
Epoch [12/30], Loss: 1.1026
Epoch [13/30], Loss: 2.6301
Epoch [14/30], Loss: 0.6176
Epoch [15/30], Loss: 1.0539
Epoch [16/30], Loss: 1.1262
Epoch [17/30], Loss: 0.9285
Epoch [18/30], Loss: 0.6777
Epoch [19/30], Loss: 1.0378
Epoch [20/30], Loss: 1.0924
Epoch [21/30], Loss: 0.7513
Epoch [22/30], Loss: 0.9578
Epoch [23/30], Loss: 1.1770
Epoch [24/30], Loss: 0.6670
Epoch [25/30], Loss: 1.2483
Epoch [26/30], Loss: 0.7485
Epoch [27/30], Loss: 0.8687
Epoch [28/30], Loss: 0.9865
Epoch [29/30], Loss: 1.1970
Epoch [30/30], Loss: 0.7465
[83]
Epoch [1/30], Loss: 0.3701
Epoch [2/30], Loss: 0.4085
Epoch [3/30], Loss: 0.4403
Epoch [4/30], Loss: 0.2289
Epoch [5/30], Loss: 0.4183
Epoch [6/30], Loss: 0.2066
Epoch [7/30], Loss: 0.3774
Epoch [8/30], Loss: 0.3012
Epoch [9/30], Loss: 0.4946
Epoch [10/30], Loss: 0.6046
Epoch [11/30], Loss: 0.1255
Epoch [12/30], Loss: 0.2987
Epoch [13/30], Loss: 0.3178
Epoch [14/30], Loss: 0.3861
Epoch [15/30], Loss: 0.4055
Epoch [16/30], Loss: 0.4034
Epoch [17/30], Loss: 0.3255
Epoch [18/30], Loss: 0.5164
Epoch [19/30], Loss: 0.6145
Epoch [20/30], Loss: 0.2558
Epoch [21/30], Loss: 0.6429
Epoch [22/30], Loss: 0.2142
Epoch [23/30], Loss: 0.3858
Epoch [24/30], Loss: 0.2717
Epoch [25/30], Loss: 0.2524
Epoch [26/30], Loss: 0.3932
Epoch [27/30], Loss: 0.5466
Epoch [28/30], Loss: 0.4587
Epoch [29/30], Loss: 0.4848
Epoch [30/30], Loss: 0.5396
[133, 126, 132, 125, 117, 120, 110, 119, 55, 107]
Epoch [1/30], Loss: 0.5527
Epoch [2/30], Loss: 0.5177
Epoch [3/30], Loss: 0.7566
Epoch [4/30], Loss: 0.6811
Epoch [5/30], Loss: 0.5072
Epoch [6/30], Loss: 0.5979
Epoch [7/30], Loss: 0.6348
Epoch [8/30], Loss: 0.3876
Epoch [9/30], Loss: 0.3934
Epoch [10/30], Loss: 0.4806
Epoch [11/30], Loss: 0.5802
Epoch [12/30], Loss: 0.4467
Epoch [13/30], Loss: 0.3961
Epoch [14/30], Loss: 0.4070
Epoch [15/30], Loss: 0.3431
Epoch [16/30], Loss: 0.3896
Epoch [17/30], Loss: 0.7735
Epoch [18/30], Loss: 0.5175
Epoch [19/30], Loss: 0.4571
Epoch [20/30], Loss: 0.4382
Epoch [21/30], Loss: 0.7852
Epoch [22/30], Loss: 0.5559
Epoch [23/30], Loss: 0.9226
Epoch [24/30], Loss: 0.4480
Epoch [25/30], Loss: 0.4839
Epoch [26/30], Loss: 0.6360
Epoch [27/30], Loss: 0.4741
Epoch [28/30], Loss: 0.3871
Epoch [29/30], Loss: 0.3871
Epoch [30/30], Loss: 0.3993
[22, 31]
Epoch [1/30], Loss: 1.5769
Epoch [2/30], Loss: 0.8744
Epoch [3/30], Loss: 1.0824
Epoch [4/30], Loss: 1.5913
Epoch [5/30], Loss: 1.2306
Epoch [6/30], Loss: 0.8009
Epoch [7/30], Loss: 0.9114
Epoch [8/30], Loss: 1.2190
Epoch [9/30], Loss: 1.7898
Epoch [10/30], Loss: 1.1950
Epoch [11/30], Loss: 1.6618
Epoch [12/30], Loss: 0.9953
Epoch [13/30], Loss: 1.2274
Epoch [14/30], Loss: 0.6737
Epoch [15/30], Loss: 1.1940
Epoch [16/30], Loss: 0.7263
Epoch [17/30], Loss: 1.4669
Epoch [18/30], Loss: 0.9536
Epoch [19/30], Loss: 0.7581
Epoch [20/30], Loss: 0.8655
Epoch [21/30], Loss: 0.8839
Epoch [22/30], Loss: 1.0456
Epoch [23/30], Loss: 1.5347
Epoch [24/30], Loss: 1.0523
Epoch [25/30], Loss: 0.8414
Epoch [26/30], Loss: 0.8524
Epoch [27/30], Loss: 0.7062
Epoch [28/30], Loss: 0.7846
Epoch [29/30], Loss: 0.9597
Epoch [30/30], Loss: 0.9661
[131]
Epoch [1/30], Loss: 0.2036
Epoch [2/30], Loss: 0.2719
Epoch [3/30], Loss: 0.2567
Epoch [4/30], Loss: 0.3471
Epoch [5/30], Loss: 0.1183
Epoch [6/30], Loss: 0.3774
Epoch [7/30], Loss: 0.6446
Epoch [8/30], Loss: 0.3047
Epoch [9/30], Loss: 0.4645
Epoch [10/30], Loss: 0.4008
Epoch [11/30], Loss: 0.1919
Epoch [12/30], Loss: 0.2892
Epoch [13/30], Loss: 0.2813
Epoch [14/30], Loss: 0.4533
Epoch [15/30], Loss: 0.3924
Epoch [16/30], Loss: 0.6809
Epoch [17/30], Loss: 0.6641
Epoch [18/30], Loss: 0.5431
Epoch [19/30], Loss: 0.4620
Epoch [20/30], Loss: 0.3797
Epoch [21/30], Loss: 0.1592
Epoch [22/30], Loss: 0.5718
Epoch [23/30], Loss: 0.1790
Epoch [24/30], Loss: 0.2263
Epoch [25/30], Loss: 0.1609
Epoch [26/30], Loss: 0.9932
Epoch [27/30], Loss: 0.4422
Epoch [28/30], Loss: 0.4734
Epoch [29/30], Loss: 0.2248
Epoch [30/30], Loss: 0.2976
[111, 124, 56, 108, 57, 109, 121, 116, 1, 4]
Epoch [1/30], Loss: 0.4654
Epoch [2/30], Loss: 0.7206
Epoch [3/30], Loss: 0.4976
Epoch [4/30], Loss: 0.5098
Epoch [5/30], Loss: 0.4989
Epoch [6/30], Loss: 0.4174
Epoch [7/30], Loss: 0.3152
Epoch [8/30], Loss: 0.2442
Epoch [9/30], Loss: 0.6742
Epoch [10/30], Loss: 0.5365
Epoch [11/30], Loss: 0.6444
Epoch [12/30], Loss: 0.4473
Epoch [13/30], Loss: 0.6241
Epoch [14/30], Loss: 0.2506
Epoch [15/30], Loss: 0.3817
Epoch [16/30], Loss: 0.4963
Epoch [17/30], Loss: 0.2575
Epoch [18/30], Loss: 0.5718
Epoch [19/30], Loss: 0.4853
Epoch [20/30], Loss: 0.2722
Epoch [21/30], Loss: 0.4919
Epoch [22/30], Loss: 0.3411
Epoch [23/30], Loss: 0.2394
Epoch [24/30], Loss: 0.5721
Epoch [25/30], Loss: 0.3917
Epoch [26/30], Loss: 0.4677
Epoch [27/30], Loss: 0.4364
Epoch [28/30], Loss: 0.4053
Epoch [29/30], Loss: 0.1922
Epoch [30/30], Loss: 0.6551
Traceback (most recent call last):
  File "/root/bishe/FC-MAEAD/main.py", line 182, in <module>
    final_autoencoder = FinAutoencoder(final_input_dim, final_hidden_dim)
  File "/root/bishe/FC-MAEAD/main.py", line 30, in __init__
    super(Autoencoder, self).__init__()
TypeError: super(type, obj): obj must be an instance or subtype of type
134262
Epoch [1/100], Loss: 0.2444
Epoch [2/100], Loss: 0.2698
Epoch [3/100], Loss: 0.1529
Epoch [4/100], Loss: 0.2546
Epoch [5/100], Loss: 0.1711
Epoch [6/100], Loss: 0.1244
Epoch [7/100], Loss: 0.1355
Epoch [8/100], Loss: 0.2575
Epoch [9/100], Loss: 0.1939
Epoch [10/100], Loss: 0.1490
Epoch [11/100], Loss: 0.1625
Epoch [12/100], Loss: 0.1107
Epoch [13/100], Loss: 0.1191
Epoch [14/100], Loss: 0.2957
Epoch [15/100], Loss: 0.2259
Epoch [16/100], Loss: 0.0977
Epoch [17/100], Loss: 0.2103
Epoch [18/100], Loss: 0.1087
Epoch [19/100], Loss: 0.2382
Epoch [20/100], Loss: 0.1462
Epoch [21/100], Loss: 0.1268
Epoch [22/100], Loss: 0.1327
Epoch [23/100], Loss: 0.2211
Epoch [24/100], Loss: 0.1088
Epoch [25/100], Loss: 0.1283
Epoch [26/100], Loss: 0.2119
Epoch [27/100], Loss: 0.1903
Epoch [28/100], Loss: 0.1453
Epoch [29/100], Loss: 0.1336
Epoch [30/100], Loss: 0.1441
Epoch [31/100], Loss: 0.2225
Epoch [32/100], Loss: 0.2207
Epoch [33/100], Loss: 0.2007
Epoch [34/100], Loss: 0.3044
Epoch [35/100], Loss: 0.1298
Epoch [36/100], Loss: 0.3953
Epoch [37/100], Loss: 0.2375
Epoch [38/100], Loss: 0.2356
Epoch [39/100], Loss: 0.1915
Epoch [40/100], Loss: 0.1834
Epoch [41/100], Loss: 0.2070
Epoch [42/100], Loss: 0.1492
Epoch [43/100], Loss: 0.1573
Epoch [44/100], Loss: 0.1046
Epoch [45/100], Loss: 0.1399
Epoch [46/100], Loss: 0.1511
Epoch [47/100], Loss: 0.1858
Epoch [48/100], Loss: 0.3912
Epoch [49/100], Loss: 0.1454
Epoch [50/100], Loss: 0.8389
Epoch [51/100], Loss: 0.2028
Epoch [52/100], Loss: 0.1647
Epoch [53/100], Loss: 0.1685
Epoch [54/100], Loss: 0.1597
Epoch [55/100], Loss: 0.2016
Epoch [56/100], Loss: 0.2093
Epoch [57/100], Loss: 0.3418
Epoch [58/100], Loss: 0.1821
Epoch [59/100], Loss: 0.3893
Epoch [60/100], Loss: 0.3916
Epoch [61/100], Loss: 0.1544
Epoch [62/100], Loss: 0.1469
Epoch [63/100], Loss: 0.1660
Epoch [64/100], Loss: 0.1382
Epoch [65/100], Loss: 0.1940
Epoch [66/100], Loss: 0.1397
Epoch [67/100], Loss: 0.2091
Epoch [68/100], Loss: 0.7703
Epoch [69/100], Loss: 0.1720
Epoch [70/100], Loss: 0.2223
Epoch [71/100], Loss: 0.1059
Epoch [72/100], Loss: 0.2365
Epoch [73/100], Loss: 0.1500
Epoch [74/100], Loss: 0.1471
Epoch [75/100], Loss: 0.1006
Epoch [76/100], Loss: 0.2807
Epoch [77/100], Loss: 0.2960
Epoch [78/100], Loss: 0.1234
Epoch [79/100], Loss: 0.2656
Epoch [80/100], Loss: 0.1686
Epoch [81/100], Loss: 0.4777
Epoch [82/100], Loss: 0.1510
Epoch [83/100], Loss: 0.3712
Epoch [84/100], Loss: 0.1861
Epoch [85/100], Loss: 0.1341
Epoch [86/100], Loss: 0.1265
Epoch [87/100], Loss: 0.1582
Epoch [88/100], Loss: 0.3134
Epoch [89/100], Loss: 0.0873
Epoch [90/100], Loss: 0.2404
Epoch [91/100], Loss: 0.1711
Epoch [92/100], Loss: 0.1096
Epoch [93/100], Loss: 0.7215
Epoch [94/100], Loss: 0.1233
Epoch [95/100], Loss: 0.1480
Epoch [96/100], Loss: 0.1618
Epoch [97/100], Loss: 0.2550
Epoch [98/100], Loss: 0.0532
Epoch [99/100], Loss: 0.0984
Epoch [100/100], Loss: 0.0891
